<?xml version="1.0" encoding="UTF-8"?>
<!-- Generated by org.testng.reporters.JUnitXMLReporter -->
<testsuite hostname="Rajs-MacBook-Air.local" ignored="0" name="datadrivenframework" tests="1" failures="1" timestamp="16 May 2019 15:27:54 GMT" time="9.916" errors="0">
  <testcase name="open" time="4.611" classname="com.datadriven.tests.AutomatedTests">
    <failure type="java.lang.NullPointerException">
      <![CDATA[java.lang.NullPointerException
at org.openqa.selenium.support.pagefactory.DefaultElementLocator.findElement(DefaultElementLocator.java:69)
at org.openqa.selenium.support.pagefactory.internal.LocatingElementHandler.invoke(LocatingElementHandler.java:38)
at com.sun.proxy.$Proxy8.isEnabled(Unknown Source)
at com.datadriven.pages.RegisterPage.populateForm(RegisterPage.java:76)
at com.datadriven.tests.AutomatedTests.open(AutomatedTests.java:29)
... Removed 24 stack frames]]>
    </failure>
  </testcase> <!-- open -->
</testsuite> <!-- datadrivenframework -->
