<?xml version="1.0" encoding="UTF-8"?>
<testng-results skipped="0" failed="0" ignored="0" total="1" passed="1">
  <reporter-output>
  </reporter-output>
  <suite name="Default Suite" duration-ms="1414" started-at="2019-05-17T03:27:19Z" finished-at="2019-05-17T03:27:20Z">
    <groups>
    </groups>
    <test name="datadrivenframework" duration-ms="1414" started-at="2019-05-17T03:27:19Z" finished-at="2019-05-17T03:27:20Z">
      <class name="com.datadriven.tests.AutomatedTests">
        <test-method status="PASS" signature="setup()[pri:0, instance:com.datadriven.tests.AutomatedTests@3d8c7aca]" name="setup" is-config="true" duration-ms="14" started-at="2019-05-17T03:27:19Z" finished-at="2019-05-17T03:27:19Z">
          <reporter-output>
          </reporter-output>
        </test-method> <!-- setup -->
        <test-method status="PASS" signature="open()[pri:0, instance:com.datadriven.tests.AutomatedTests@3d8c7aca]" name="open" duration-ms="1333" started-at="2019-05-17T03:27:19Z" finished-at="2019-05-17T03:27:20Z">
          <reporter-output>
          </reporter-output>
        </test-method> <!-- open -->
        <test-method status="PASS" signature="tearDown()[pri:0, instance:com.datadriven.tests.AutomatedTests@3d8c7aca]" name="tearDown" is-config="true" duration-ms="1" started-at="2019-05-17T03:27:20Z" finished-at="2019-05-17T03:27:20Z">
          <reporter-output>
          </reporter-output>
        </test-method> <!-- tearDown -->
      </class> <!-- com.datadriven.tests.AutomatedTests -->
    </test> <!-- datadrivenframework -->
  </suite> <!-- Default Suite -->
</testng-results>
