<?xml version="1.0" encoding="UTF-8"?>
<testng-results skipped="0" failed="1" ignored="0" total="1" passed="0">
  <reporter-output>
  </reporter-output>
  <suite name="Default Suite" duration-ms="9916" started-at="2019-05-16T15:27:44Z" finished-at="2019-05-16T15:27:54Z">
    <groups>
    </groups>
    <test name="datadrivenframework" duration-ms="9916" started-at="2019-05-16T15:27:44Z" finished-at="2019-05-16T15:27:54Z">
      <class name="com.datadriven.tests.AutomatedTests">
        <test-method status="PASS" signature="setup()[pri:0, instance:com.datadriven.tests.AutomatedTests@13969fbe]" name="setup" is-config="true" duration-ms="5054" started-at="2019-05-16T15:27:44Z" finished-at="2019-05-16T15:27:49Z">
          <reporter-output>
          </reporter-output>
        </test-method> <!-- setup -->
        <test-method status="FAIL" signature="open()[pri:0, instance:com.datadriven.tests.AutomatedTests@13969fbe]" name="open" duration-ms="4611" started-at="2019-05-16T15:27:49Z" finished-at="2019-05-16T15:27:54Z">
          <exception class="java.lang.NullPointerException">
            <full-stacktrace>
              <![CDATA[java.lang.NullPointerException
at org.openqa.selenium.support.pagefactory.DefaultElementLocator.findElement(DefaultElementLocator.java:69)
at org.openqa.selenium.support.pagefactory.internal.LocatingElementHandler.invoke(LocatingElementHandler.java:38)
at com.sun.proxy.$Proxy8.isEnabled(Unknown Source)
at com.datadriven.pages.RegisterPage.populateForm(RegisterPage.java:76)
at com.datadriven.tests.AutomatedTests.open(AutomatedTests.java:29)
at sun.reflect.NativeMethodAccessorImpl.invoke0(Native Method)
at sun.reflect.NativeMethodAccessorImpl.invoke(NativeMethodAccessorImpl.java:62)
at sun.reflect.DelegatingMethodAccessorImpl.invoke(DelegatingMethodAccessorImpl.java:43)
at java.lang.reflect.Method.invoke(Method.java:498)
at org.testng.internal.MethodInvocationHelper.invokeMethod(MethodInvocationHelper.java:124)
at org.testng.internal.Invoker.invokeMethod(Invoker.java:583)
at org.testng.internal.Invoker.invokeTestMethod(Invoker.java:719)
at org.testng.internal.Invoker.invokeTestMethods(Invoker.java:989)
at org.testng.internal.TestMethodWorker.invokeTestMethods(TestMethodWorker.java:125)
at org.testng.internal.TestMethodWorker.run(TestMethodWorker.java:109)
at org.testng.TestRunner.privateRun(TestRunner.java:648)
at org.testng.TestRunner.run(TestRunner.java:505)
at org.testng.SuiteRunner.runTest(SuiteRunner.java:455)
at org.testng.SuiteRunner.runSequentially(SuiteRunner.java:450)
at org.testng.SuiteRunner.privateRun(SuiteRunner.java:415)
at org.testng.SuiteRunner.run(SuiteRunner.java:364)
at org.testng.SuiteRunnerWorker.runSuite(SuiteRunnerWorker.java:52)
at org.testng.SuiteRunnerWorker.run(SuiteRunnerWorker.java:84)
at org.testng.TestNG.runSuitesSequentially(TestNG.java:1208)
at org.testng.TestNG.runSuitesLocally(TestNG.java:1137)
at org.testng.TestNG.runSuites(TestNG.java:1049)
at org.testng.TestNG.run(TestNG.java:1017)
at org.testng.IDEARemoteTestNG.run(IDEARemoteTestNG.java:73)
at org.testng.RemoteTestNGStarter.main(RemoteTestNGStarter.java:123)
]]>
            </full-stacktrace>
          </exception> <!-- java.lang.NullPointerException -->
          <reporter-output>
          </reporter-output>
        </test-method> <!-- open -->
        <test-method status="PASS" signature="tearDown()[pri:0, instance:com.datadriven.tests.AutomatedTests@13969fbe]" name="tearDown" is-config="true" duration-ms="187" started-at="2019-05-16T15:27:54Z" finished-at="2019-05-16T15:27:54Z">
          <reporter-output>
          </reporter-output>
        </test-method> <!-- tearDown -->
      </class> <!-- com.datadriven.tests.AutomatedTests -->
    </test> <!-- datadrivenframework -->
  </suite> <!-- Default Suite -->
</testng-results>
